require.js:1 Failed to load resource: the server responded with a status of 404 (Not Found)
[Deprecation] SharedArrayBuffer will require cross-origin isolation as of M92, around July 2021. See <URL> for more details.
[Deprecation] SharedArrayBuffer will require cross-origin isolation as of M92, around July 2021. See <URL> for more details.
[Deprecation] SharedArrayBuffer will require cross-origin isolation as of M92, around July 2021. See <URL> for more details.
[Deprecation] SharedArrayBuffer will require cross-origin isolation as of M92, around July 2021. See <URL> for more details.
[Deprecation] SharedArrayBuffer will require cross-origin isolation as of M92, around July 2021. See <URL> for more details.
[Deprecation] SharedArrayBuffer will require cross-origin isolation as of M92, around July 2021. See <URL> for more details.
[Deprecation] SharedArrayBuffer will require cross-origin isolation as of M92, around July 2021. See <URL> for more details.
[Deprecation] SharedArrayBuffer will require cross-origin isolation as of M92, around July 2021. See <URL> for more details.
[Deprecation] SharedArrayBuffer will require cross-origin isolation as of M92, around July 2021. See <URL> for more details.
(index):104 load nanodet-simd-threads
(index):158 0.jpg
(index):225 Uncaught ReferenceError: switchcamerabtn is not defined
    at (index):225
(index):116 Emscripten boilerplate loaded.
:8080/favicon.ico:1 Failed to load resource: the server responded with a status of 404 (Not Found)
nanodet-simd-threads.js:1 Blocking on the main thread is very dangerous, see https://emscripten.org/docs/porting/pthreads.html#blocking-on-the-main-browser-thread
warnOnce @ nanodet-simd-threads.js:1
nanodet-simd-threads.js:1 loading model
nanodet-simd-threads.js:1 after loading model
nanodet-simd-threads.js:1  1 0.527860 0.748886 332.554932 153.610901 89.367645
nanodet-simd-threads.js:1  1 0.527860 0.748886 332.554932 153.610901 89.367645
(index):158 1.jpg
nanodet-simd-threads.js:1  1 0.527860 0.748886 332.554932 153.610901 89.367645
nanodet-simd-threads.js:1  1 0.527860 0.748886 332.554932 153.610901 89.367645
nanodet-simd-threads.js:1  1 0.527860 0.748886 332.554932 153.610901 89.367645
nanodet-simd-threads.js:1  1 0.527860 0.748886 332.554932 153.610901 89.367645
(index):158 2.jpg
nanodet-simd-threads.js:1  1 0.527860 0.748886 332.554932 153.610901 89.367645
nanodet-simd-threads.js:1  1 0.527860 0.748886 332.554932 153.610901 89.367645
(index):158 3.jpg
nanodet-simd-threads.js:1  1 0.717110 398.039551 321.363831 80.833893 97.443024
nanodet-simd-threads.js:1  1 0.658860 75.628052 295.906830 86.392975 91.034576
nanodet-simd-threads.js:1  1 0.717110 398.039551 321.363831 80.833893 97.443024
nanodet-simd-threads.js:1  1 0.658860 75.628052 295.906830 86.392975 91.034576
(index):158 4.jpg
nanodet-simd-threads.js:1  1 0.717110 398.039551 321.363831 80.833893 97.443024
nanodet-simd-threads.js:1  1 0.658860 75.628052 295.906830 86.392975 91.034576
nanodet-simd-threads.js:1  1 0.717110 398.039551 321.363831 80.833893 97.443024
nanodet-simd-threads.js:1  1 0.658860 75.628052 295.906830 86.392975 91.034576
nanodet-simd-threads.js:1  1 0.717110 398.039551 321.363831 80.833893 97.443024
nanodet-simd-threads.js:1  1 0.658860 75.628052 295.906830 86.392975 91.034576
(index):158 5.jpg
(index):158 6.jpg
nanodet-simd-threads.js:1  1 0.548798 121.506615 305.977783 167.831573 105.384705
nanodet-simd-threads.js:1  1 0.548798 121.506615 305.977783 167.831573 105.384705
nanodet-simd-threads.js:1  1 0.548798 121.506615 305.977783 167.831573 105.384705
nanodet-simd-threads.js:1  1 0.548798 121.506615 305.977783 167.831573 105.384705
(index):158 7.jpg
(index):158 8.jpg
nanodet-simd-threads.js:1  1 0.772722 450.492798 212.565125 84.774109 83.695923
nanodet-simd-threads.js:1  1 0.572242 83.723732 306.007965 44.084259 45.389252
(index):158 9.jpg
nanodet-simd-threads.js:1  1 0.772722 450.492798 212.565125 84.774109 83.695923
nanodet-simd-threads.js:1  1 0.572242 83.723732 306.007965 44.084259 45.389252
nanodet-simd-threads.js:1  1 0.921134 0.000000 2.337555 620.772217 476.662445
nanodet-simd-threads.js:1  1 0.921134 0.000000 2.337555 620.772217 476.662445
(index):158 10.jpg
nanodet-simd-threads.js:1  1 0.921134 0.000000 2.337555 620.772217 476.662445
nanodet-simd-threads.js:1  1 0.921134 0.000000 2.337555 620.772217 476.662445
nanodet-simd-threads.js:1  1 0.921134 0.000000 2.337555 620.772217 476.662445
(index):158 11.jpg
(index):158 12.jpg
(index):158 13.jpg
nanodet-simd-threads.js:1  1 0.572796 416.908264 182.639404 84.773254 65.788055
nanodet-simd-threads.js:1  1 0.572796 416.908264 182.639404 84.773254 65.788055
nanodet-simd-threads.js:1  1 0.572796 416.908264 182.639404 84.773254 65.788055
nanodet-simd-threads.js:1  1 0.572796 416.908264 182.639404 84.773254 65.788055
(index):158 14.jpg
(index):158 15.jpg
nanodet-simd-threads.js:1  1 0.946385 135.856918 107.568634 372.403564 238.093201
(index):158 16.jpg
nanodet-simd-threads.js:1  1 0.946385 135.856918 107.568634 372.403564 238.093201
nanodet-simd-threads.js:1  1 0.988786 152.604218 67.180450 352.198456 357.684845
nanodet-simd-threads.js:1  1 0.988786 152.604218 67.180450 352.198456 357.684845
(index):158 17.jpg
nanodet-simd-threads.js:1  1 0.988786 152.604218 67.180450 352.198456 357.684845
DevTools failed to load source map: Could not load content for chrome-extension://fheoggkfdfchfphceeifdbepaooicaho/sourceMap/chrome/iframe_handler.map: HTTP error: status code 404, net::ERR_UNKNOWN_URL_SCHEME
DevTools failed to load source map: Could not load content for chrome-extension://fheoggkfdfchfphceeifdbepaooicaho/sourceMap/chrome/content.map: HTTP error: status code 404, net::ERR_UNKNOWN_URL_SCHEME
nanodet-simd-threads.js:1  1 0.983542 127.381485 12.991333 335.244385 394.682129
(index):158 18.jpg
nanodet-simd-threads.js:1  1 0.983542 127.381485 12.991333 335.244385 394.682129
nanodet-simd-threads.js:1  1 0.983542 127.381485 12.991333 335.244385 394.682129
(index):158 19.jpg
nanodet-simd-threads.js:1  1 0.986070 75.104279 106.182343 454.713348 312.790436
(index):158 20.jpg
nanodet-simd-threads.js:1  1 0.986070 75.104279 106.182343 454.713348 312.790436
nanodet-simd-threads.js:1  1 0.960751 24.166245 104.787918 423.352844 371.677185
(index):158 21.jpg
nanodet-simd-threads.js:1  1 0.960751 24.166245 104.787918 423.352844 371.677185
nanodet-simd-threads.js:1  1 0.983442 4.285522 98.488953 468.712280 343.385376
(index):158 22.jpg
nanodet-simd-threads.js:1  1 0.983442 4.285522 98.488953 468.712280 343.385376
nanodet-simd-threads.js:1  1 0.691674 54.530975 90.822525 329.697968 303.008057
(index):158 23.jpg
nanodet-simd-threads.js:1  1 0.691674 54.530975 90.822525 329.697968 303.008057
nanodet-simd-threads.js:1  1 0.977621 137.601868 73.469376 295.142761 330.372131
(index):158 24.jpg
nanodet-simd-threads.js:1  1 0.977621 137.601868 73.469376 295.142761 330.372131
nanodet-simd-threads.js:1  1 0.988210 122.575989 64.385132 299.650909 278.914124
(index):158 25.jpg
nanodet-simd-threads.js:1  1 0.988210 122.575989 64.385132 299.650909 278.914124
nanodet-simd-threads.js:1  1 0.870878 101.223648 142.762482 433.296570 193.832886
(index):158 26.jpg
nanodet-simd-threads.js:1  1 0.870878 101.223648 142.762482 433.296570 193.832886
nanodet-simd-threads.js:1  1 0.834282 7.631210 175.145432 410.384216 205.022903
(index):158 27.jpg
nanodet-simd-threads.js:1  1 0.834282 7.631210 175.145432 410.384216 205.022903
(index):158 28.jpg
nanodet-simd-threads.js:1  1 0.652304 41.670288 194.408432 550.958618 182.301346
(index):158 29.jpg
nanodet-simd-threads.js:1  1 0.652304 41.670288 194.408432 550.958618 182.301346
(index):158 30.jpg
nanodet-simd-threads.js:1  1 0.900604 141.017029 150.863770 281.976074 200.715332
(index):158 31.jpg
nanodet-simd-threads.js:1  1 0.900604 141.017029 150.863770 281.976074 200.715332
nanodet-simd-threads.js:1  1 0.957717 139.780472 135.315750 318.684998 278.544250
(index):158 32.jpg
nanodet-simd-threads.js:1  1 0.957717 139.780472 135.315750 318.684998 278.544250
nanodet-simd-threads.js:1  1 0.965827 130.995850 234.930573 384.105591 238.878265
(index):158 33.jpg
nanodet-simd-threads.js:1  1 0.965827 130.995850 234.930573 384.105591 238.878265
nanodet-simd-threads.js:1  1 0.559208 215.879303 223.191071 196.429657 181.220551
(index):158 34.jpg
nanodet-simd-threads.js:1  1 0.559208 215.879303 223.191071 196.429657 181.220551
nanodet-simd-threads.js:1  1 0.759237 141.521149 154.302399 171.694061 113.811218
(index):158 35.jpg
nanodet-simd-threads.js:1  1 0.759237 141.521149 154.302399 171.694061 113.811218
nanodet-simd-threads.js:1  1 0.957998 114.016998 143.389679 180.386566 147.159576
(index):158 36.jpg
nanodet-simd-threads.js:1  1 0.957998 114.016998 143.389679 180.386566 147.159576
nanodet-simd-threads.js:1  1 0.975435 86.814484 28.913284 496.477753 440.890503
(index):158 37.jpg
nanodet-simd-threads.js:1  1 0.975435 86.814484 28.913284 496.477753 440.890503
nanodet-simd-threads.js:1  1 0.982160 196.968567 70.319107 318.670593 369.364685
(index):158 38.jpg
nanodet-simd-threads.js:1  1 0.982160 196.968567 70.319107 318.670593 369.364685
nanodet-simd-threads.js:1  1 0.860282 156.332718 231.081131 173.426132 180.001999
(index):158 39.jpg
nanodet-simd-threads.js:1  1 0.860282 156.332718 231.081131 173.426132 180.001999
nanodet-simd-threads.js:1  1 0.937748 137.962616 75.398911 363.648468 249.528671
(index):158 40.jpg
nanodet-simd-threads.js:1  1 0.937748 137.962616 75.398911 363.648468 249.528671
nanodet-simd-threads.js:1  1 0.703569 208.084854 184.307526 403.464111 229.250885
nanodet-simd-threads.js:1  1 0.595525 219.448273 193.271240 234.902374 129.954895
nanodet-simd-threads.js:1  1 0.703569 208.084854 184.307526 403.464111 229.250885
nanodet-simd-threads.js:1  1 0.595525 219.448273 193.271240 234.902374 129.954895
(index):158 41.jpg
nanodet-simd-threads.js:1  1 0.703569 208.084854 184.307526 403.464111 229.250885
nanodet-simd-threads.js:1  1 0.595525 219.448273 193.271240 234.902374 129.954895
nanodet-simd-threads.js:1  1 0.875448 157.901215 151.612961 271.722015 195.130814
(index):158 42.jpg
nanodet-simd-threads.js:1  1 0.875448 157.901215 151.612961 271.722015 195.130814
nanodet-simd-threads.js:1  1 0.953095 93.780960 192.344894 423.615356 243.121445
(index):158 43.jpg
nanodet-simd-threads.js:1  1 0.953095 93.780960 192.344894 423.615356 243.121445
(index):158 44.jpg
nanodet-simd-threads.js:1  1 0.978482 96.253296 115.835220 454.110107 314.397339
nanodet-simd-threads.js:1  1 0.611483 140.162140 118.110855 495.910736 330.656738
(index):158 45.jpg
nanodet-simd-threads.js:1  1 0.611483 140.162140 118.110855 495.910736 330.656738
nanodet-simd-threads.js:1  1 0.979184 146.852509 98.939636 482.837799 313.027832
(index):158 46.jpg
nanodet-simd-threads.js:1  1 0.979184 146.852509 98.939636 482.837799 313.027832
nanodet-simd-threads.js:1  1 0.973499 161.860199 147.581116 391.611481 256.434998
(index):158 47.jpg
nanodet-simd-threads.js:1  1 0.973499 161.860199 147.581116 391.611481 256.434998
nanodet-simd-threads.js:1  1 0.670358 176.129456 145.888412 333.834290 228.687637
(index):158 48.jpg
nanodet-simd-threads.js:1  1 0.670358 176.129456 145.888412 333.834290 228.687637
(index):158 49.jpg
nanodet-simd-threads.js:1  1 0.856580 149.368088 102.509682 167.535904 150.800507
(index):158 50.jpg
nanodet-simd-threads.js:1  1 0.856580 149.368088 102.509682 167.535904 150.800507
nanodet-simd-threads.js:1  1 0.986615 148.353546 85.812958 326.253143 362.054871
(index):158 51.jpg
nanodet-simd-threads.js:1  1 0.986615 148.353546 85.812958 326.253143 362.054871
nanodet-simd-threads.js:1  1 0.958344 190.101303 104.418503 383.653809 371.876831
(index):158 52.jpg
nanodet-simd-threads.js:1  1 0.958344 190.101303 104.418503 383.653809 371.876831
nanodet-simd-threads.js:1  1 0.968621 83.525223 166.318497 418.263977 247.605484
(index):158 53.jpg
nanodet-simd-threads.js:1  1 0.968621 83.525223 166.318497 418.263977 247.605484
nanodet-simd-threads.js:1  1 0.735673 110.958633 170.425018 309.080994 179.588379
(index):158 54.jpg
nanodet-simd-threads.js:1  1 0.735673 110.958633 170.425018 309.080994 179.588379
nanodet-simd-threads.js:1  1 0.946273 111.709045 102.544006 402.085388 283.395050
(index):158 55.jpg
nanodet-simd-threads.js:1  1 0.946273 111.709045 102.544006 402.085388 283.395050
nanodet-simd-threads.js:1  1 0.967801 249.649155 64.797028 317.326416 224.256897
(index):158 56.jpg
nanodet-simd-threads.js:1  1 0.967801 249.649155 64.797028 317.326416 224.256897
nanodet-simd-threads.js:1  1 0.942981 164.260834 140.950974 283.782074 245.767166
(index):158 57.jpg
nanodet-simd-threads.js:1  1 0.942981 164.260834 140.950974 283.782074 245.767166
nanodet-simd-threads.js:1  1 0.931256 157.525848 140.387451 390.782867 232.657104
(index):158 58.jpg
nanodet-simd-threads.js:1  1 0.931256 157.525848 140.387451 390.782867 232.657104
nanodet-simd-threads.js:1  1 0.959409 226.637238 82.488174 321.620270 305.105164
(index):158 59.jpg
nanodet-simd-threads.js:1  1 0.959409 226.637238 82.488174 321.620270 305.105164
nanodet-simd-threads.js:1  1 0.976652 256.219543 60.018753 245.580261 315.823242
(index):158 60.jpg
nanodet-simd-threads.js:1  1 0.976652 256.219543 60.018753 245.580261 315.823242
nanodet-simd-threads.js:1  1 0.959945 161.291718 82.297585 278.912689 333.813324
(index):158 61.jpg
nanodet-simd-threads.js:1  1 0.959945 161.291718 82.297585 278.912689 333.813324
nanodet-simd-threads.js:1  1 0.767981 188.779419 104.553482 221.904724 255.145920
(index):158 62.jpg
nanodet-simd-threads.js:1  1 0.767981 188.779419 104.553482 221.904724 255.145920
nanodet-simd-threads.js:1  1 0.947120 147.560822 218.008270 326.529449 239.724976
(index):158 63.jpg
nanodet-simd-threads.js:1  1 0.947120 147.560822 218.008270 326.529449 239.724976
nanodet-simd-threads.js:1  1 0.936346 119.240051 66.786438 424.853027 411.203308
(index):158 64.jpg
nanodet-simd-threads.js:1  1 0.936346 119.240051 66.786438 424.853027 411.203308
nanodet-simd-threads.js:1  1 0.989544 143.549881 107.819016 330.303955 346.552551
(index):158 65.jpg
nanodet-simd-threads.js:1  1 0.989544 143.549881 107.819016 330.303955 346.552551
nanodet-simd-threads.js:1  1 0.960558 130.437576 80.348404 439.261414 392.919678
(index):158 66.jpg
nanodet-simd-threads.js:1  1 0.960558 130.437576 80.348404 439.261414 392.919678
nanodet-simd-threads.js:1  1 0.960558 130.437576 80.348404 439.261414 392.919678
(index):158 67.jpg
nanodet-simd-threads.js:1  1 0.565810 284.904999 171.259659 100.486053 106.348526
(index):158 68.jpg
nanodet-simd-threads.js:1  1 0.817090 290.554230 148.439011 138.361816 131.606918
(index):158 69.jpg
nanodet-simd-threads.js:1  1 0.578110 277.465942 145.989365 124.974884 137.914810
(index):158 70.jpg
nanodet-simd-threads.js:1  1 0.557269 273.440430 168.851349 121.821320 138.145355
(index):158 71.jpg
nanodet-simd-threads.js:1  1 0.655719 314.435669 173.062729 92.178284 107.781235
(index):158 72.jpg
nanodet-simd-threads.js:1  1 0.529712 270.024445 48.461548 218.357117 252.824890
(index):158 73.jpg
nanodet-simd-threads.js:1  1 0.757178 276.138458 45.880096 233.879181 288.509674
(index):158 74.jpg
nanodet-simd-threads.js:1  1 0.951360 406.365601 106.178001 119.678162 182.577301
(index):158 75.jpg
nanodet-simd-threads.js:1  1 0.771856 462.867157 218.979324 60.938934 84.982864
(index):158 76.jpg
nanodet-simd-threads.js:1  1 0.763961 77.587051 177.105850 259.810730 218.574051
(index):158 77.jpg
nanodet-simd-threads.js:1  1 0.763961 77.587051 177.105850 259.810730 218.574051
nanodet-simd-threads.js:1  1 0.935985 82.289124 151.942444 286.954498 234.184967
(index):158 78.jpg
nanodet-simd-threads.js:1  1 0.935985 82.289124 151.942444 286.954498 234.184967
nanodet-simd-threads.js:1  1 0.805467 146.947876 148.095184 313.818939 179.964111
(index):158 79.jpg
nanodet-simd-threads.js:1  1 0.805467 146.947876 148.095184 313.818939 179.964111
nanodet-simd-threads.js:1  1 0.836377 73.132034 146.185028 322.266541 171.871368
(index):158 80.jpg
nanodet-simd-threads.js:1  1 0.836377 73.132034 146.185028 322.266541 171.871368
nanodet-simd-threads.js:1  1 0.615257 28.118073 271.448303 281.744537 204.016998
nanodet-simd-threads.js:1  1 0.615257 28.118073 271.448303 281.744537 204.016998
nanodet-simd-threads.js:1  1 0.615257 28.118073 271.448303 281.744537 204.016998
nanodet-simd-threads.js:1  1 0.615257 28.118073 271.448303 281.744537 204.016998
nanodet-simd-threads.js:1  1 0.615257 28.118073 271.448303 281.744537 204.016998
nanodet-simd-threads.js:1  1 0.615257 28.118073 271.448303 281.744537 204.016998
nanodet-simd-threads.js:1  1 0.615257 28.118073 271.448303 281.744537 204.016998
nanodet-simd-threads.js:1  1 0.615257 28.118073 271.448303 281.744537 204.016998
nanodet-simd-threads.js:1  1 0.615257 28.118073 271.448303 281.744537 204.016998
nanodet-simd-threads.js:1  1 0.615257 28.118073 271.448303 281.744537 204.016998
nanodet-simd-threads.js:1  1 0.615257 28.118073 271.448303 281.744537 204.016998
nanodet-simd-threads.js:1  1 0.615257 28.118073 271.448303 281.744537 204.016998
nanodet-simd-threads.js:1  1 0.615257 28.118073 271.448303 281.744537 204.016998
nanodet-simd-threads.js:1  1 0.615257 28.118073 271.448303 281.744537 204.016998
nanodet-simd-threads.js:1  1 0.615257 28.118073 271.448303 281.744537 204.016998
nanodet-simd-threads.js:1  1 0.615257 28.118073 271.448303 281.744537 204.016998
nanodet-simd-threads.js:1  1 0.615257 28.118073 271.448303 281.744537 204.016998
nanodet-simd-threads.js:1  1 0.615257 28.118073 271.448303 281.744537 204.016998
nanodet-simd-threads.js:1  1 0.615257 28.118073 271.448303 281.744537 204.016998
nanodet-simd-threads.js:1  1 0.615257 28.118073 271.448303 281.744537 204.016998
nanodet-simd-threads.js:1  1 0.615257 28.118073 271.448303 281.744537 204.016998
nanodet-simd-threads.js:1  1 0.615257 28.118073 271.448303 281.744537 204.016998
nanodet-simd-threads.js:1  1 0.615257 28.118073 271.448303 281.744537 204.016998
nanodet-simd-threads.js:1  1 0.615257 28.118073 271.448303 281.744537 204.016998
nanodet-simd-threads.js:1  1 0.615257 28.118073 271.448303 281.744537 204.016998
nanodet-simd-threads.js:1  1 0.615257 28.118073 271.448303 281.744537 204.016998
nanodet-simd-threads.js:1  1 0.615257 28.118073 271.448303 281.744537 204.016998
nanodet-simd-threads.js:1  1 0.615257 28.118073 271.448303 281.744537 204.016998
nanodet-simd-threads.js:1  1 0.615257 28.118073 271.448303 281.744537 204.016998
nanodet-simd-threads.js:1  1 0.615257 28.118073 271.448303 281.744537 204.016998
nanodet-simd-threads.js:1  1 0.615257 28.118073 271.448303 281.744537 204.016998
nanodet-simd-threads.js:1  1 0.615257 28.118073 271.448303 281.744537 204.016998
nanodet-simd-threads.js:1  1 0.615257 28.118073 271.448303 281.744537 204.016998
nanodet-simd-threads.js:1  1 0.615257 28.118073 271.448303 281.744537 204.016998
nanodet-simd-threads.js:1  1 0.615257 28.118073 271.448303 281.744537 204.016998
nanodet-simd-threads.js:1  1 0.615257 28.118073 271.448303 281.744537 204.016998
nanodet-simd-threads.js:1  1 0.615257 28.118073 271.448303 281.744537 204.016998
nanodet-simd-threads.js:1  1 0.615257 28.118073 271.448303 281.744537 204.016998
nanodet-simd-threads.js:1  1 0.615257 28.118073 271.448303 281.744537 204.016998
nanodet-simd-threads.js:1  1 0.615257 28.118073 271.448303 281.744537 204.016998
nanodet-simd-threads.js:1  1 0.615257 28.118073 271.448303 281.744537 204.016998
nanodet-simd-threads.js:1  1 0.615257 28.118073 271.448303 281.744537 204.016998
nanodet-simd-threads.js:1  1 0.615257 28.118073 271.448303 281.744537 204.016998
nanodet-simd-threads.js:1  1 0.615257 28.118073 271.448303 281.744537 204.016998
nanodet-simd-threads.js:1  1 0.615257 28.118073 271.448303 281.744537 204.016998
nanodet-simd-threads.js:1  1 0.615257 28.118073 271.448303 281.744537 204.016998
nanodet-simd-threads.js:1  1 0.615257 28.118073 271.448303 281.744537 204.016998
nanodet-simd-threads.js:1  1 0.615257 28.118073 271.448303 281.744537 204.016998
nanodet-simd-threads.js:1  1 0.615257 28.118073 271.448303 281.744537 204.016998
nanodet-simd-threads.js:1  1 0.615257 28.118073 271.448303 281.744537 204.016998
nanodet-simd-threads.js:1  1 0.615257 28.118073 271.448303 281.744537 204.016998
nanodet-simd-threads.js:1  1 0.615257 28.118073 271.448303 281.744537 204.016998
nanodet-simd-threads.js:1  1 0.615257 28.118073 271.448303 281.744537 204.016998
nanodet-simd-threads.js:1  1 0.615257 28.118073 271.448303 281.744537 204.016998
nanodet-simd-threads.js:1  1 0.615257 28.118073 271.448303 281.744537 204.016998
nanodet-simd-threads.js:1  1 0.615257 28.118073 271.448303 281.744537 204.016998
nanodet-simd-threads.js:1  1 0.615257 28.118073 271.448303 281.744537 204.016998
nanodet-simd-threads.js:1  1 0.615257 28.118073 271.448303 281.744537 204.016998
nanodet-simd-threads.js:1  1 0.615257 28.118073 271.448303 281.744537 204.016998
nanodet-simd-threads.js:1  1 0.615257 28.118073 271.448303 281.744537 204.016998
nanodet-simd-threads.js:1  1 0.615257 28.118073 271.448303 281.744537 204.016998
nanodet-simd-threads.js:1  1 0.615257 28.118073 271.448303 281.744537 204.016998
nanodet-simd-threads.js:1  1 0.615257 28.118073 271.448303 281.744537 204.016998
nanodet-simd-threads.js:1  1 0.615257 28.118073 271.448303 281.744537 204.016998
nanodet-simd-threads.js:1  1 0.615257 28.118073 271.448303 281.744537 204.016998
nanodet-simd-threads.js:1  1 0.615257 28.118073 271.448303 281.744537 204.016998
nanodet-simd-threads.js:1  1 0.615257 28.118073 271.448303 281.744537 204.016998
nanodet-simd-threads.js:1  1 0.615257 28.118073 271.448303 281.744537 204.016998
nanodet-simd-threads.js:1  1 0.615257 28.118073 271.448303 281.744537 204.016998
nanodet-simd-threads.js:1  1 0.615257 28.118073 271.448303 281.744537 204.016998
nanodet-simd-threads.js:1  1 0.615257 28.118073 271.448303 281.744537 204.016998
nanodet-simd-threads.js:1  1 0.615257 28.118073 271.448303 281.744537 204.016998
nanodet-simd-threads.js:1  1 0.615257 28.118073 271.448303 281.744537 204.016998
nanodet-simd-threads.js:1  1 0.615257 28.118073 271.448303 281.744537 204.016998
nanodet-simd-threads.js:1  1 0.615257 28.118073 271.448303 281.744537 204.016998
nanodet-simd-threads.js:1  1 0.615257 28.118073 271.448303 281.744537 204.016998
nanodet-simd-threads.js:1  1 0.615257 28.118073 271.448303 281.744537 204.016998
nanodet-simd-threads.js:1  1 0.615257 28.118073 271.448303 281.744537 204.016998
nanodet-simd-threads.js:1  1 0.615257 28.118073 271.448303 281.744537 204.016998
nanodet-simd-threads.js:1  1 0.615257 28.118073 271.448303 281.744537 204.016998
nanodet-simd-threads.js:1  1 0.615257 28.118073 271.448303 281.744537 204.016998
nanodet-simd-threads.js:1  1 0.615257 28.118073 271.448303 281.744537 204.016998
nanodet-simd-threads.js:1  1 0.615257 28.118073 271.448303 281.744537 204.016998
nanodet-simd-threads.js:1  1 0.615257 28.118073 271.448303 281.744537 204.016998
nanodet-simd-threads.js:1  1 0.615257 28.118073 271.448303 281.744537 204.016998
nanodet-simd-threads.js:1  1 0.615257 28.118073 271.448303 281.744537 204.016998
nanodet-simd-threads.js:1  1 0.615257 28.118073 271.448303 281.744537 204.016998
nanodet-simd-threads.js:1  1 0.615257 28.118073 271.448303 281.744537 204.016998
nanodet-simd-threads.js:1  1 0.615257 28.118073 271.448303 281.744537 204.016998
nanodet-simd-threads.js:1  1 0.615257 28.118073 271.448303 281.744537 204.016998
nanodet-simd-threads.js:1  1 0.615257 28.118073 271.448303 281.744537 204.016998
nanodet-simd-threads.js:1  1 0.615257 28.118073 271.448303 281.744537 204.016998
nanodet-simd-threads.js:1  1 0.615257 28.118073 271.448303 281.744537 204.016998
nanodet-simd-threads.js:1  1 0.615257 28.118073 271.448303 281.744537 204.016998
nanodet-simd-threads.js:1  1 0.615257 28.118073 271.448303 281.744537 204.016998
nanodet-simd-threads.js:1  1 0.615257 28.118073 271.448303 281.744537 204.016998
nanodet-simd-threads.js:1  1 0.615257 28.118073 271.448303 281.744537 204.016998
nanodet-simd-threads.js:1  1 0.615257 28.118073 271.448303 281.744537 204.016998
nanodet-simd-threads.js:1  1 0.615257 28.118073 271.448303 281.744537 204.016998
nanodet-simd-threads.js:1  1 0.615257 28.118073 271.448303 281.744537 204.016998
nanodet-simd-threads.js:1  1 0.615257 28.118073 271.448303 281.744537 204.016998
nanodet-simd-threads.js:1  1 0.615257 28.118073 271.448303 281.744537 204.016998
nanodet-simd-threads.js:1  1 0.615257 28.118073 271.448303 281.744537 204.016998
nanodet-simd-threads.js:1  1 0.615257 28.118073 271.448303 281.744537 204.016998
nanodet-simd-threads.js:1  1 0.615257 28.118073 271.448303 281.744537 204.016998
nanodet-simd-threads.js:1  1 0.615257 28.118073 271.448303 281.744537 204.016998
nanodet-simd-threads.js:1  1 0.615257 28.118073 271.448303 281.744537 204.016998
nanodet-simd-threads.js:1  1 0.615257 28.118073 271.448303 281.744537 204.016998
nanodet-simd-threads.js:1  1 0.615257 28.118073 271.448303 281.744537 204.016998
nanodet-simd-threads.js:1  1 0.615257 28.118073 271.448303 281.744537 204.016998
nanodet-simd-threads.js:1  1 0.615257 28.118073 271.448303 281.744537 204.016998
nanodet-simd-threads.js:1  1 0.615257 28.118073 271.448303 281.744537 204.016998
nanodet-simd-threads.js:1  1 0.615257 28.118073 271.448303 281.744537 204.016998
nanodet-simd-threads.js:1  1 0.615257 28.118073 271.448303 281.744537 204.016998
nanodet-simd-threads.js:1  1 0.615257 28.118073 271.448303 281.744537 204.016998
nanodet-simd-threads.js:1  1 0.615257 28.118073 271.448303 281.744537 204.016998
nanodet-simd-threads.js:1  1 0.615257 28.118073 271.448303 281.744537 204.016998
nanodet-simd-threads.js:1  1 0.615257 28.118073 271.448303 281.744537 204.016998
nanodet-simd-threads.js:1  1 0.615257 28.118073 271.448303 281.744537 204.016998
nanodet-simd-threads.js:1  1 0.615257 28.118073 271.448303 281.744537 204.016998
nanodet-simd-threads.js:1  1 0.615257 28.118073 271.448303 281.744537 204.016998
nanodet-simd-threads.js:1  1 0.615257 28.118073 271.448303 281.744537 204.016998
nanodet-simd-threads.js:1  1 0.615257 28.118073 271.448303 281.744537 204.016998
nanodet-simd-threads.js:1  1 0.615257 28.118073 271.448303 281.744537 204.016998
nanodet-simd-threads.js:1  1 0.615257 28.118073 271.448303 281.744537 204.016998
nanodet-simd-threads.js:1  1 0.615257 28.118073 271.448303 281.744537 204.016998
nanodet-simd-threads.js:1  1 0.615257 28.118073 271.448303 281.744537 204.016998
nanodet-simd-threads.js:1  1 0.615257 28.118073 271.448303 281.744537 204.016998
nanodet-simd-threads.js:1  1 0.615257 28.118073 271.448303 281.744537 204.016998
nanodet-simd-threads.js:1  1 0.615257 28.118073 271.448303 281.744537 204.016998
nanodet-simd-threads.js:1  1 0.615257 28.118073 271.448303 281.744537 204.016998
nanodet-simd-threads.js:1  1 0.615257 28.118073 271.448303 281.744537 204.016998
nanodet-simd-threads.js:1  1 0.615257 28.118073 271.448303 281.744537 204.016998
nanodet-simd-threads.js:1  1 0.615257 28.118073 271.448303 281.744537 204.016998
nanodet-simd-threads.js:1  1 0.615257 28.118073 271.448303 281.744537 204.016998
nanodet-simd-threads.js:1  1 0.615257 28.118073 271.448303 281.744537 204.016998
nanodet-simd-threads.js:1  1 0.615257 28.118073 271.448303 281.744537 204.016998
nanodet-simd-threads.js:1  1 0.615257 28.118073 271.448303 281.744537 204.016998
nanodet-simd-threads.js:1  1 0.615257 28.118073 271.448303 281.744537 204.016998
nanodet-simd-threads.js:1  1 0.615257 28.118073 271.448303 281.744537 204.016998
nanodet-simd-threads.js:1  1 0.615257 28.118073 271.448303 281.744537 204.016998
nanodet-simd-threads.js:1  1 0.615257 28.118073 271.448303 281.744537 204.016998
nanodet-simd-threads.js:1  1 0.615257 28.118073 271.448303 281.744537 204.016998
nanodet-simd-threads.js:1  1 0.615257 28.118073 271.448303 281.744537 204.016998
nanodet-simd-threads.js:1  1 0.615257 28.118073 271.448303 281.744537 204.016998
nanodet-simd-threads.js:1  1 0.615257 28.118073 271.448303 281.744537 204.016998
nanodet-simd-threads.js:1  1 0.615257 28.118073 271.448303 281.744537 204.016998
nanodet-simd-threads.js:1  1 0.615257 28.118073 271.448303 281.744537 204.016998
nanodet-simd-threads.js:1  1 0.615257 28.118073 271.448303 281.744537 204.016998
nanodet-simd-threads.js:1  1 0.615257 28.118073 271.448303 281.744537 204.016998
nanodet-simd-threads.js:1  1 0.615257 28.118073 271.448303 281.744537 204.016998
nanodet-simd-threads.js:1  1 0.615257 28.118073 271.448303 281.744537 204.016998
nanodet-simd-threads.js:1  1 0.615257 28.118073 271.448303 281.744537 204.016998
nanodet-simd-threads.js:1  1 0.615257 28.118073 271.448303 281.744537 204.016998
nanodet-simd-threads.js:1  1 0.615257 28.118073 271.448303 281.744537 204.016998
nanodet-simd-threads.js:1  1 0.615257 28.118073 271.448303 281.744537 204.016998
nanodet-simd-threads.js:1  1 0.615257 28.118073 271.448303 281.744537 204.016998
nanodet-simd-threads.js:1  1 0.615257 28.118073 271.448303 281.744537 204.016998
